{"uuid":"74d7361a-285b-4557-97d8-8299c46bb969","historyId":"5b5ad00a185b93b1397c351b9655a510","fullName":"tests.LoginPageTest.testLoginWithEmail","labels":[{"name":"package","value":"tests.LoginPageTest"},{"name":"testClass","value":"tests.LoginPageTest"},{"name":"testMethod","value":"testLoginWithEmail"},{"name":"parentSuite","value":"Default Suite"},{"name":"suite","value":"Findit-App-Automation"},{"name":"subSuite","value":"tests.LoginPageTest"},{"name":"host","value":"Mds-MacBook-Air.local"},{"name":"thread","value":"39453@Mds-MacBook-Air.local.main(1)"},{"name":"framework","value":"testng"},{"name":"language","value":"java"}],"links":[],"name":"testLoginWithEmail","status":"skipped","statusDetails":{"known":false,"muted":false,"flaky":false,"message":"Could not start a new session. Possible causes are invalid address of the remote server or browser start-up failure. \nHost info: host: 'Mds-MacBook-Air.local', ip: 'fe80:0:0:0:c72:dcdd:a1dd:51e6%en0'\nBuild info: version: '4.28.1', revision: '73f5ad48a2'\nSystem info: os.name: 'Mac OS X', os.arch: 'aarch64', os.version: '15.1', java.version: '21.0.6'\nDriver info: io.appium.java_client.ios.IOSDriver\nCommand: [null, newSession {capabilities=[Capabilities {appium:automationName: XCUITest, appium:bundleId: com.findit.id.app, appium:deviceName: iPhone 13, appium:newCommandTimeout: 300, appium:noReset: false, appium:platformName: iOS, appium:platformVersion: 18.2, appium:udid: 00008110-00094C9E01A1801E, appium:unicodeKeyboard: true, appium:wdaConnectionTimeout: 60000, appium:wdaLaunchTimeout: 60000, autoGrantPermissions: true, platformName: IOS}]}]\nCapabilities {appium:automationName: XCUITest, appium:bundleId: com.findit.id.app, appium:deviceName: iPhone 13, appium:newCommandTimeout: 300, appium:noReset: false, appium:platformName: iOS, appium:platformVersion: 18.2, appium:udid: 00008110-00094C9E01A1801E, appium:unicodeKeyboard: true, appium:wdaConnectionTimeout: 60000, appium:wdaLaunchTimeout: 60000, autoGrantPermissions: true, platformName: IOS}","trace":"org.openqa.selenium.SessionNotCreatedException: Could not start a new session. Possible causes are invalid address of the remote server or browser start-up failure. \nHost info: host: 'Mds-MacBook-Air.local', ip: 'fe80:0:0:0:c72:dcdd:a1dd:51e6%en0'\nBuild info: version: '4.28.1', revision: '73f5ad48a2'\nSystem info: os.name: 'Mac OS X', os.arch: 'aarch64', os.version: '15.1', java.version: '21.0.6'\nDriver info: io.appium.java_client.ios.IOSDriver\nCommand: [null, newSession {capabilities=[Capabilities {appium:automationName: XCUITest, appium:bundleId: com.findit.id.app, appium:deviceName: iPhone 13, appium:newCommandTimeout: 300, appium:noReset: false, appium:platformName: iOS, appium:platformVersion: 18.2, appium:udid: 00008110-00094C9E01A1801E, appium:unicodeKeyboard: true, appium:wdaConnectionTimeout: 60000, appium:wdaLaunchTimeout: 60000, autoGrantPermissions: true, platformName: IOS}]}]\nCapabilities {appium:automationName: XCUITest, appium:bundleId: com.findit.id.app, appium:deviceName: iPhone 13, appium:newCommandTimeout: 300, appium:noReset: false, appium:platformName: iOS, appium:platformVersion: 18.2, appium:udid: 00008110-00094C9E01A1801E, appium:unicodeKeyboard: true, appium:wdaConnectionTimeout: 60000, appium:wdaLaunchTimeout: 60000, autoGrantPermissions: true, platformName: IOS}\n\tat org.openqa.selenium.remote.RemoteWebDriver.execute(RemoteWebDriver.java:563)\n\tat io.appium.java_client.AppiumDriver.startSession(AppiumDriver.java:270)\n\tat org.openqa.selenium.remote.RemoteWebDriver.<init>(RemoteWebDriver.java:174)\n\tat io.appium.java_client.AppiumDriver.<init>(AppiumDriver.java:91)\n\tat io.appium.java_client.AppiumDriver.<init>(AppiumDriver.java:103)\n\tat io.appium.java_client.ios.IOSDriver.<init>(IOSDriver.java:101)\n\tat pages.BasePage.initializeDriver(BasePage.java:287)\n\tat tests.BaseTest.setup(BaseTest.java:94)\n\tat java.base/jdk.internal.reflect.DirectMethodHandleAccessor.invoke(DirectMethodHandleAccessor.java:103)\n\tat java.base/java.lang.reflect.Method.invoke(Method.java:580)\n\tat org.testng.internal.invokers.MethodInvocationHelper.invokeMethod(MethodInvocationHelper.java:141)\n\tat org.testng.internal.invokers.MethodInvocationHelper.invokeMethodConsideringTimeout(MethodInvocationHelper.java:71)\n\tat org.testng.internal.invokers.ConfigInvoker.invokeConfigurationMethod(ConfigInvoker.java:400)\n\tat org.testng.internal.invokers.ConfigInvoker.invokeConfigurations(ConfigInvoker.java:333)\n\tat org.testng.internal.invokers.TestMethodWorker.invokeBeforeClassMethods(TestMethodWorker.java:188)\n\tat org.testng.internal.invokers.TestMethodWorker.run(TestMethodWorker.java:128)\n\tat java.base/java.util.ArrayList.forEach(ArrayList.java:1596)\n\tat org.testng.TestRunner.privateRun(TestRunner.java:739)\n\tat org.testng.TestRunner.run(TestRunner.java:614)\n\tat org.testng.SuiteRunner.runTest(SuiteRunner.java:421)\n\tat org.testng.SuiteRunner.runSequentially(SuiteRunner.java:413)\n\tat org.testng.SuiteRunner.privateRun(SuiteRunner.java:373)\n\tat org.testng.SuiteRunner.run(SuiteRunner.java:312)\n\tat org.testng.SuiteRunnerWorker.runSuite(SuiteRunnerWorker.java:52)\n\tat org.testng.SuiteRunnerWorker.run(SuiteRunnerWorker.java:95)\n\tat org.testng.TestNG.runSuitesSequentially(TestNG.java:1274)\n\tat org.testng.TestNG.runSuitesLocally(TestNG.java:1208)\n\tat org.testng.TestNG.runSuites(TestNG.java:1112)\n\tat org.testng.TestNG.run(TestNG.java:1079)\n\tat com.intellij.rt.testng.IDEARemoteTestNG.run(IDEARemoteTestNG.java:65)\n\tat com.intellij.rt.testng.RemoteTestNGStarter.main(RemoteTestNGStarter.java:105)\nCaused by: java.lang.IllegalArgumentException: Illegal key values seen in w3c capabilities: [autoGrantPermissions]\n\tat org.openqa.selenium.remote.NewSessionPayload.lambda$validate$5(NewSessionPayload.java:163)\n\tat java.base/java.util.stream.ReferencePipeline$15$1.accept(ReferencePipeline.java:540)\n\tat java.base/java.util.stream.ReferencePipeline$15$1.accept(ReferencePipeline.java:541)\n\tat java.base/java.util.stream.ReferencePipeline$3$1.accept(ReferencePipeline.java:197)\n\tat java.base/java.util.stream.ReferencePipeline$15$1.accept(ReferencePipeline.java:541)\n\tat java.base/java.util.ArrayList$ArrayListSpliterator.forEachRemaining(ArrayList.java:1708)\n\tat java.base/java.util.stream.AbstractPipeline.copyInto(AbstractPipeline.java:509)\n\tat java.base/java.util.stream.AbstractPipeline.wrapAndCopyInto(AbstractPipeline.java:499)\n\tat java.base/java.util.stream.ForEachOps$ForEachOp.evaluateSequential(ForEachOps.java:151)\n\tat java.base/java.util.stream.ForEachOps$ForEachOp$OfRef.evaluateSequential(ForEachOps.java:174)\n\tat java.base/java.util.stream.AbstractPipeline.evaluate(AbstractPipeline.java:234)\n\tat java.base/java.util.stream.ReferencePipeline.forEach(ReferencePipeline.java:596)\n\tat org.openqa.selenium.remote.NewSessionPayload.validate(NewSessionPayload.java:167)\n\tat org.openqa.selenium.remote.NewSessionPayload.<init>(NewSessionPayload.java:70)\n\tat org.openqa.selenium.remote.NewSessionPayload.create(NewSessionPayload.java:99)\n\tat org.openqa.selenium.remote.NewSessionPayload.create(NewSessionPayload.java:84)\n\tat org.openqa.selenium.remote.ProtocolHandshake.createSession(ProtocolHandshake.java:60)\n\tat io.appium.java_client.remote.AppiumCommandExecutor.createSession(AppiumCommandExecutor.java:176)\n\tat io.appium.java_client.remote.AppiumCommandExecutor.execute(AppiumCommandExecutor.java:237)\n\tat org.openqa.selenium.remote.RemoteWebDriver.execute(RemoteWebDriver.java:545)\n\t... 30 more\n"},"stage":"finished","steps":[],"attachments":[],"parameters":[],"start":1738486337015,"stop":1738486337016}